<?xml version="1.0" encoding="UTF-8"?>
<robot generator="Robot 4.1.1 (Python 3.9.7 on win32)" generated="20211016 15:38:48.046" rpa="false" schemaversion="2">
<suite id="s1" name="Tests" source="C:\Users\Lenovo\PycharmProjects\ FlaskyAutomation\Tests">
<suite id="s1-s1" name="Login" source="C:\Users\Lenovo\PycharmProjects\ FlaskyAutomation\Tests\Login.robot">
<kw name="Starting Browser and Maximize" library="CommonFunctionalities" type="SETUP">
<doc>This test case verifies the basic functionalies of login</doc>
<kw name="Open Browser" library="SeleniumLibrary">
<arg>${URL}</arg>
<arg>${Browser}</arg>
<doc>Opens a new browser instance to the optional ``url``.</doc>
<msg timestamp="20211016 15:38:48.616" level="INFO">Opening browser 'Chrome' to base url 'http://localhost:8080/'.</msg>
<kw name="Capture Page Screenshot" library="SeleniumLibrary">
<doc>Takes a screenshot of the current page and embeds it into a log file.</doc>
<msg timestamp="20211016 15:38:59.617" level="INFO" html="true">&lt;/td&gt;&lt;/tr&gt;&lt;tr&gt;&lt;td colspan="3"&gt;&lt;a href="selenium-screenshot-1.png"&gt;&lt;img src="selenium-screenshot-1.png" width="800px"&gt;&lt;/a&gt;</msg>
<status status="PASS" starttime="20211016 15:38:59.465" endtime="20211016 15:38:59.617"/>
</kw>
<msg timestamp="20211016 15:38:59.689" level="FAIL">WebDriverException: Message: unknown error: net::ERR_CONNECTION_REFUSED
  (Session info: chrome=94.0.4606.81)
</msg>
<status status="FAIL" starttime="20211016 15:38:48.616" endtime="20211016 15:38:59.689"/>
</kw>
<kw name="Maximize Browser Window" library="SeleniumLibrary">
<doc>Maximizes current browser window.</doc>
<status status="NOT RUN" starttime="20211016 15:38:59.689" endtime="20211016 15:38:59.689"/>
</kw>
<status status="FAIL" starttime="20211016 15:38:48.616" endtime="20211016 15:38:59.689"/>
</kw>
<test id="s1-s1-t1" name="Verify the Login Page">
<status status="FAIL" starttime="20211016 15:38:59.689" endtime="20211016 15:38:59.689">Parent suite setup failed:
WebDriverException: Message: unknown error: net::ERR_CONNECTION_REFUSED
  (Session info: chrome=94.0.4606.81)
</status>
</test>
<test id="s1-s1-t2" name="Verify Login Fails - Wrong Username">
<status status="FAIL" starttime="20211016 15:38:59.689" endtime="20211016 15:38:59.697">Parent suite setup failed:
WebDriverException: Message: unknown error: net::ERR_CONNECTION_REFUSED
  (Session info: chrome=94.0.4606.81)
</status>
</test>
<test id="s1-s1-t3" name="Verify Login Fails - Wrong Password">
<status status="FAIL" starttime="20211016 15:38:59.697" endtime="20211016 15:38:59.697">Parent suite setup failed:
WebDriverException: Message: unknown error: net::ERR_CONNECTION_REFUSED
  (Session info: chrome=94.0.4606.81)
</status>
</test>
<test id="s1-s1-t4" name="Verify Login Fails - Wrong Username and wrong Password">
<status status="FAIL" starttime="20211016 15:38:59.697" endtime="20211016 15:38:59.697">Parent suite setup failed:
WebDriverException: Message: unknown error: net::ERR_CONNECTION_REFUSED
  (Session info: chrome=94.0.4606.81)
</status>
</test>
<test id="s1-s1-t5" name="Verify Login Fails - Blank Username">
<status status="FAIL" starttime="20211016 15:38:59.705" endtime="20211016 15:38:59.705">Parent suite setup failed:
WebDriverException: Message: unknown error: net::ERR_CONNECTION_REFUSED
  (Session info: chrome=94.0.4606.81)
</status>
</test>
<test id="s1-s1-t6" name="Verify Login Fails - Blank Password">
<status status="FAIL" starttime="20211016 15:38:59.705" endtime="20211016 15:38:59.705">Parent suite setup failed:
WebDriverException: Message: unknown error: net::ERR_CONNECTION_REFUSED
  (Session info: chrome=94.0.4606.81)
</status>
</test>
<test id="s1-s1-t7" name="Verify Login Fails - Blank username and blank Password">
<status status="FAIL" starttime="20211016 15:38:59.713" endtime="20211016 15:38:59.713">Parent suite setup failed:
WebDriverException: Message: unknown error: net::ERR_CONNECTION_REFUSED
  (Session info: chrome=94.0.4606.81)
</status>
</test>
<test id="s1-s1-t8" name="Verify Login Fails - valid credential">
<status status="FAIL" starttime="20211016 15:38:59.713" endtime="20211016 15:38:59.713">Parent suite setup failed:
WebDriverException: Message: unknown error: net::ERR_CONNECTION_REFUSED
  (Session info: chrome=94.0.4606.81)
</status>
</test>
<kw name="Closing Browser" library="CommonFunctionalities" type="TEARDOWN">
<kw name="Close Browser" library="SeleniumLibrary">
<doc>Closes the current browser.</doc>
<status status="PASS" starttime="20211016 15:38:59.721" endtime="20211016 15:39:03.293"/>
</kw>
<status status="PASS" starttime="20211016 15:38:59.721" endtime="20211016 15:39:03.293"/>
</kw>
<doc>Login Functionality</doc>
<status status="FAIL" starttime="20211016 15:38:48.102" endtime="20211016 15:39:03.293">Suite setup failed:
WebDriverException: Message: unknown error: net::ERR_CONNECTION_REFUSED
  (Session info: chrome=94.0.4606.81)
</status>
</suite>
<suite id="s1-s2" name="Register" source="C:\Users\Lenovo\PycharmProjects\ FlaskyAutomation\Tests\Register.robot">
<kw name="Starting Browser and Maximize" library="CommonFunctionalities" type="SETUP">
<doc>This test case verifies the basic functionalies of login</doc>
<kw name="Open Browser" library="SeleniumLibrary">
<arg>${URL}</arg>
<arg>${Browser}</arg>
<doc>Opens a new browser instance to the optional ``url``.</doc>
<msg timestamp="20211016 15:39:03.301" level="INFO">Opening browser 'Chrome' to base url 'http://localhost:8080/'.</msg>
<kw name="Capture Page Screenshot" library="SeleniumLibrary">
<doc>Takes a screenshot of the current page and embeds it into a log file.</doc>
<msg timestamp="20211016 15:39:13.532" level="INFO" html="true">&lt;/td&gt;&lt;/tr&gt;&lt;tr&gt;&lt;td colspan="3"&gt;&lt;a href="selenium-screenshot-2.png"&gt;&lt;img src="selenium-screenshot-2.png" width="800px"&gt;&lt;/a&gt;</msg>
<status status="PASS" starttime="20211016 15:39:13.361" endtime="20211016 15:39:13.532"/>
</kw>
<msg timestamp="20211016 15:39:13.532" level="FAIL">WebDriverException: Message: unknown error: net::ERR_CONNECTION_REFUSED
  (Session info: chrome=94.0.4606.81)
</msg>
<status status="FAIL" starttime="20211016 15:39:03.301" endtime="20211016 15:39:13.532"/>
</kw>
<kw name="Maximize Browser Window" library="SeleniumLibrary">
<doc>Maximizes current browser window.</doc>
<status status="NOT RUN" starttime="20211016 15:39:13.532" endtime="20211016 15:39:13.540"/>
</kw>
<status status="FAIL" starttime="20211016 15:39:03.301" endtime="20211016 15:39:13.540"/>
</kw>
<test id="s1-s2-t1" name="Create an User">
<status status="FAIL" starttime="20211016 15:39:13.540" endtime="20211016 15:39:13.540">Parent suite setup failed:
WebDriverException: Message: unknown error: net::ERR_CONNECTION_REFUSED
  (Session info: chrome=94.0.4606.81)
</status>
</test>
<test id="s1-s2-t2" name="Create Duplicate User">
<status status="FAIL" starttime="20211016 15:39:13.540" endtime="20211016 15:39:13.540">Parent suite setup failed:
WebDriverException: Message: unknown error: net::ERR_CONNECTION_REFUSED
  (Session info: chrome=94.0.4606.81)
</status>
</test>
<test id="s1-s2-t3" name="Blank Username Submit">
<status status="FAIL" starttime="20211016 15:39:13.548" endtime="20211016 15:39:13.548">Parent suite setup failed:
WebDriverException: Message: unknown error: net::ERR_CONNECTION_REFUSED
  (Session info: chrome=94.0.4606.81)
</status>
</test>
<test id="s1-s2-t4" name="Blank Password Submit">
<status status="FAIL" starttime="20211016 15:39:13.548" endtime="20211016 15:39:13.556">Parent suite setup failed:
WebDriverException: Message: unknown error: net::ERR_CONNECTION_REFUSED
  (Session info: chrome=94.0.4606.81)
</status>
</test>
<test id="s1-s2-t5" name="Blank Firstname Submit">
<status status="FAIL" starttime="20211016 15:39:13.556" endtime="20211016 15:39:13.556">Parent suite setup failed:
WebDriverException: Message: unknown error: net::ERR_CONNECTION_REFUSED
  (Session info: chrome=94.0.4606.81)
</status>
</test>
<test id="s1-s2-t6" name="Blank Lastname Submit">
<status status="FAIL" starttime="20211016 15:39:13.564" endtime="20211016 15:39:13.564">Parent suite setup failed:
WebDriverException: Message: unknown error: net::ERR_CONNECTION_REFUSED
  (Session info: chrome=94.0.4606.81)
</status>
</test>
<test id="s1-s2-t7" name="Blank Phone Submit">
<status status="FAIL" starttime="20211016 15:39:13.564" endtime="20211016 15:39:13.564">Parent suite setup failed:
WebDriverException: Message: unknown error: net::ERR_CONNECTION_REFUSED
  (Session info: chrome=94.0.4606.81)
</status>
</test>
<kw name="Closing Browser" library="CommonFunctionalities" type="TEARDOWN">
<kw name="Close Browser" library="SeleniumLibrary">
<doc>Closes the current browser.</doc>
<status status="PASS" starttime="20211016 15:39:13.572" endtime="20211016 15:39:15.736"/>
</kw>
<status status="PASS" starttime="20211016 15:39:13.572" endtime="20211016 15:39:15.736"/>
</kw>
<doc>Registration Page Functionality</doc>
<status status="FAIL" starttime="20211016 15:39:03.293" endtime="20211016 15:39:15.736">Suite setup failed:
WebDriverException: Message: unknown error: net::ERR_CONNECTION_REFUSED
  (Session info: chrome=94.0.4606.81)
</status>
</suite>
<status status="FAIL" starttime="20211016 15:38:48.054" endtime="20211016 15:39:15.744"/>
</suite>
<statistics>
<total>
<stat pass="0" fail="15" skip="0">All Tests</stat>
</total>
<tag>
</tag>
<suite>
<stat pass="0" fail="15" skip="0" id="s1" name="Tests">Tests</stat>
<stat pass="0" fail="8" skip="0" id="s1-s1" name="Login">Tests.Login</stat>
<stat pass="0" fail="7" skip="0" id="s1-s2" name="Register">Tests.Register</stat>
</suite>
</statistics>
<errors>
</errors>
</robot>
